2021-06-11 05:44:27.651 - INFO - 4448 - azureml.train.automl.run._log_activity:55 - ActivityStarted: GetOutput
2021-06-11 05:44:27.678 - INFO - 4448 - azureml.train.automl.run._log_activity:55 - ActivityStarted: GetOutput
2021-06-11 05:44:27.697 - INFO - 4448 - azureml.train.automl.run._log_activity:55 - ActivityStarted: GetChildren
2021-06-11 05:44:27.856 - INFO - 4448 - azureml.train.automl.run._log_activity:93 - ActivityCompleted: Activity=GetChildren, HowEnded=Success, Duration=158.77[ms]
2021-06-11 05:44:27.932 - INFO - 4448 - azureml.train.automl.run._log_activity:93 - ActivityCompleted: Activity=GetOutput, HowEnded=Success, Duration=254.03[ms]
2021-06-11 05:44:27.932 - INFO - 4448 - azureml.train.automl._model_download_utilities._log_activity:55 - ActivityStarted: DownloadModel
2021-06-11 05:44:46.304 - INFO - 4448 - azureml.automl.runtime.featurization.data_transformer.__init__:172 - Feature sweeping enabled: False
2021-06-11 05:44:46.305 - INFO - 4448 - azureml.automl.runtime.featurization.data_transformer.__init__:173 - Feature sweeping timeout: 86400
2021-06-11 05:44:49.888 - INFO - 4448 - azureml.train.automl._model_download_utilities._log_activity:93 - ActivityCompleted: Activity=DownloadModel, HowEnded=Success, Duration=21955.04[ms]
2021-06-11 05:44:49.920 - INFO - 4448 - azureml.train.automl.run._log_activity:93 - ActivityCompleted: Activity=GetOutput, HowEnded=Success, Duration=22268.88[ms]
2021-06-11 06:00:35.626 - INFO - 4448 - azureml.train.automl.run._log_activity:55 - ActivityStarted: GetOutput
2021-06-11 06:00:35.679 - INFO - 4448 - azureml.train.automl.run._log_activity:55 - ActivityStarted: GetOutput
2021-06-11 06:00:35.719 - INFO - 4448 - azureml.train.automl.run._log_activity:55 - ActivityStarted: GetChildren
2021-06-11 06:00:35.890 - INFO - 4448 - azureml.train.automl.run._log_activity:93 - ActivityCompleted: Activity=GetChildren, HowEnded=Success, Duration=170.97[ms]
2021-06-11 06:00:35.964 - INFO - 4448 - azureml.train.automl.run._log_activity:93 - ActivityCompleted: Activity=GetOutput, HowEnded=Success, Duration=285.12[ms]
2021-06-11 06:00:36.083 - INFO - 4448 - azureml.train.automl._model_download_utilities._log_activity:55 - ActivityStarted: DownloadModel
2021-06-11 06:00:37.234 - INFO - 4448 - azureml.automl.runtime.featurization.data_transformer.__init__:172 - Feature sweeping enabled: False
2021-06-11 06:00:37.254 - INFO - 4448 - azureml.automl.runtime.featurization.data_transformer.__init__:173 - Feature sweeping timeout: 86400
2021-06-11 06:00:37.352 - INFO - 4448 - azureml.train.automl._model_download_utilities._log_activity:93 - ActivityCompleted: Activity=DownloadModel, HowEnded=Success, Duration=1269.52[ms]
2021-06-11 06:00:37.358 - INFO - 4448 - azureml.train.automl.run._log_activity:93 - ActivityCompleted: Activity=GetOutput, HowEnded=Success, Duration=1731.7[ms]
